d:\class stuff\game engine\engineproject11\debug\vc140.pdb
d:\class stuff\game engine\engineproject11\debug\vc140.idb
d:\class stuff\game engine\engineproject11\debug\dxcore.obj
d:\class stuff\game engine\engineproject11\debug\camera.obj
d:\class stuff\game engine\engineproject11\debug\game.obj
d:\class stuff\game engine\engineproject11\debug\gameentity.obj
d:\class stuff\game engine\engineproject11\debug\main.obj
d:\class stuff\game engine\engineproject11\debug\material.obj
d:\class stuff\game engine\engineproject11\debug\mesh.obj
d:\class stuff\game engine\engineproject11\debug\simpleshader.obj
d:\class stuff\game engine\engineproject11\debug\renderer.obj
d:\class stuff\game engine\engineproject11\debug\pixelshader.cso
d:\class stuff\game engine\engineproject11\debug\vertexshader.cso
d:\class stuff\game engine\engineproject11\debug\skyps.cso
d:\class stuff\game engine\engineproject11\debug\skyvs.cso
d:\class stuff\game engine\engineproject11\debug\engineproject.ilk
d:\class stuff\game engine\engineproject11\debug\engineproject.exe
d:\class stuff\game engine\engineproject11\debug\engineproject.pdb
d:\class stuff\game engine\engineproject11\debug\game.obj.enc
d:\class stuff\game engine\engineproject11\debug\engineproject.tlog\cl.command.1.tlog
d:\class stuff\game engine\engineproject11\debug\engineproject.tlog\cl.read.1.tlog
d:\class stuff\game engine\engineproject11\debug\engineproject.tlog\cl.write.1.tlog
d:\class stuff\game engine\engineproject11\debug\engineproject.tlog\engineproject.write.1u.tlog
d:\class stuff\game engine\engineproject11\debug\engineproject.tlog\fxc.command.1.tlog
d:\class stuff\game engine\engineproject11\debug\engineproject.tlog\fxc.read.1.tlog
d:\class stuff\game engine\engineproject11\debug\engineproject.tlog\fxc.write.1.tlog
d:\class stuff\game engine\engineproject11\debug\engineproject.tlog\link.command.1.tlog
d:\class stuff\game engine\engineproject11\debug\engineproject.tlog\link.read.1.tlog
d:\class stuff\game engine\engineproject11\debug\engineproject.tlog\link.write.1.tlog
