  Renderer.cpp
  Main.cpp
d:\game design and development\sem 2\game engine design and development\engineproject11\packages\bullet\src\linearmath\btidebugdraw.h(169): warning C4305: 'argument': truncation from 'double' to 'const btScalar'
d:\game design and development\sem 2\game engine design and development\engineproject11\packages\bullet\src\linearmath\btidebugdraw.h(170): warning C4305: 'argument': truncation from 'double' to 'const btScalar'
d:\game design and development\sem 2\game engine design and development\engineproject11\packages\bullet\src\linearmath\btidebugdraw.h(171): warning C4305: 'argument': truncation from 'double' to 'const btScalar'
d:\game design and development\sem 2\game engine design and development\engineproject11\game.h(160): warning C4244: 'initializing': conversion from 'float' to 'int', possible loss of data
  Game.cpp
d:\game design and development\sem 2\game engine design and development\engineproject11\packages\bullet\src\linearmath\btidebugdraw.h(169): warning C4305: 'argument': truncation from 'double' to 'const btScalar'
d:\game design and development\sem 2\game engine design and development\engineproject11\packages\bullet\src\linearmath\btidebugdraw.h(170): warning C4305: 'argument': truncation from 'double' to 'const btScalar'
d:\game design and development\sem 2\game engine design and development\engineproject11\packages\bullet\src\linearmath\btidebugdraw.h(171): warning C4305: 'argument': truncation from 'double' to 'const btScalar'
d:\game design and development\sem 2\game engine design and development\engineproject11\game.h(160): warning C4244: 'initializing': conversion from 'float' to 'int', possible loss of data
d:\game design and development\sem 2\game engine design and development\engineproject11\game.cpp(14): warning C4005: 'max': macro redefinition
  c:\program files (x86)\windows kits\8.1\include\shared\minwindef.h(193): note: see previous definition of 'max'
d:\game design and development\sem 2\game engine design and development\engineproject11\game.cpp(15): warning C4005: 'min': macro redefinition
  c:\program files (x86)\windows kits\8.1\include\shared\minwindef.h(197): note: see previous definition of 'min'
d:\game design and development\sem 2\game engine design and development\engineproject11\game.cpp(100): warning C4018: '<': signed/unsigned mismatch
d:\game design and development\sem 2\game engine design and development\engineproject11\game.cpp(111): warning C4018: '<': signed/unsigned mismatch
d:\game design and development\sem 2\game engine design and development\engineproject11\game.cpp(241): warning C4244: 'argument': conversion from 'int' to 'float', possible loss of data
d:\game design and development\sem 2\game engine design and development\engineproject11\game.cpp(451): warning C4244: 'initializing': conversion from 'int' to 'float', possible loss of data
d:\game design and development\sem 2\game engine design and development\engineproject11\game.cpp(456): warning C4244: 'initializing': conversion from 'int' to 'float', possible loss of data
d:\game design and development\sem 2\game engine design and development\engineproject11\game.cpp(461): warning C4244: 'initializing': conversion from 'int' to 'float', possible loss of data
d:\game design and development\sem 2\game engine design and development\engineproject11\game.cpp(491): warning C4018: '<': signed/unsigned mismatch
d:\game design and development\sem 2\game engine design and development\engineproject11\game.cpp(500): warning C4018: '<': signed/unsigned mismatch
d:\game design and development\sem 2\game engine design and development\engineproject11\game.cpp(540): warning C4800: 'SHORT': forcing value to bool 'true' or 'false' (performance warning)
d:\game design and development\sem 2\game engine design and development\engineproject11\game.cpp(567): warning C4244: '=': conversion from 'float' to 'int', possible loss of data
d:\game design and development\sem 2\game engine design and development\engineproject11\game.cpp(639): warning C4018: '<': signed/unsigned mismatch
d:\game design and development\sem 2\game engine design and development\engineproject11\game.cpp(648): warning C4018: '<': signed/unsigned mismatch
d:\game design and development\sem 2\game engine design and development\engineproject11\game.cpp(748): warning C4018: '<': signed/unsigned mismatch
d:\game design and development\sem 2\game engine design and development\engineproject11\game.cpp(764): warning C4018: '<': signed/unsigned mismatch
d:\game design and development\sem 2\game engine design and development\engineproject11\game.cpp(798): warning C4244: 'argument': conversion from 'unsigned int' to 'float', possible loss of data
d:\game design and development\sem 2\game engine design and development\engineproject11\game.cpp(805): warning C4244: 'argument': conversion from 'unsigned int' to 'float', possible loss of data
d:\game design and development\sem 2\game engine design and development\engineproject11\game.cpp(834): warning C4018: '<': signed/unsigned mismatch
d:\game design and development\sem 2\game engine design and development\engineproject11\game.cpp(889): warning C4244: 'initializing': conversion from 'int' to 'float', possible loss of data
d:\game design and development\sem 2\game engine design and development\engineproject11\game.cpp(894): warning C4244: 'initializing': conversion from 'int' to 'float', possible loss of data
d:\game design and development\sem 2\game engine design and development\engineproject11\game.cpp(899): warning C4244: 'initializing': conversion from 'int' to 'float', possible loss of data
d:\game design and development\sem 2\game engine design and development\engineproject11\game.cpp(945): warning C4244: 'initializing': conversion from 'int' to 'float', possible loss of data
d:\game design and development\sem 2\game engine design and development\engineproject11\game.cpp(950): warning C4244: 'initializing': conversion from 'int' to 'float', possible loss of data
d:\game design and development\sem 2\game engine design and development\engineproject11\game.cpp(955): warning C4244: 'initializing': conversion from 'int' to 'float', possible loss of data
  Emitter.cpp
  Camera.cpp
  Generating Code...
  EngineProject.vcxproj -> D:\Game Design and Development\Sem 2\Game Engine Design and Development\EngineProject11\Debug\EngineProject.exe
  EngineProject.vcxproj -> D:\Game Design and Development\Sem 2\Game Engine Design and Development\EngineProject11\Debug\EngineProject.pdb (Full PDB)
