d:\class stuff\game engine\engineproject11\release\vc140.pdb
d:\class stuff\game engine\engineproject11\release\simpleshader.obj
d:\class stuff\game engine\engineproject11\release\renderer.obj
d:\class stuff\game engine\engineproject11\release\mesh.obj
d:\class stuff\game engine\engineproject11\release\material.obj
d:\class stuff\game engine\engineproject11\release\main.obj
d:\class stuff\game engine\engineproject11\release\gameentity.obj
d:\class stuff\game engine\engineproject11\release\game.obj
d:\class stuff\game engine\engineproject11\release\dxcore.obj
d:\class stuff\game engine\engineproject11\release\camera.obj
d:\class stuff\game engine\engineproject11\release\pixelshader.cso
d:\class stuff\game engine\engineproject11\release\skyps.cso
d:\class stuff\game engine\engineproject11\release\skyvs.cso
d:\class stuff\game engine\engineproject11\release\vertexshader.cso
d:\class stuff\game engine\engineproject11\release\engineproject.exe
d:\class stuff\game engine\engineproject11\release\engineproject.ipdb
d:\class stuff\game engine\engineproject11\release\engineproject.iobj
d:\class stuff\game engine\engineproject11\release\engineproject.pdb
d:\class stuff\game engine\engineproject11\release\engineproject.tlog\cl.command.1.tlog
d:\class stuff\game engine\engineproject11\release\engineproject.tlog\cl.read.1.tlog
d:\class stuff\game engine\engineproject11\release\engineproject.tlog\cl.write.1.tlog
d:\class stuff\game engine\engineproject11\release\engineproject.tlog\engineproject.write.1u.tlog
d:\class stuff\game engine\engineproject11\release\engineproject.tlog\fxc.command.1.tlog
d:\class stuff\game engine\engineproject11\release\engineproject.tlog\fxc.read.1.tlog
d:\class stuff\game engine\engineproject11\release\engineproject.tlog\fxc.write.1.tlog
d:\class stuff\game engine\engineproject11\release\engineproject.tlog\link.command.1.tlog
d:\class stuff\game engine\engineproject11\release\engineproject.tlog\link.read.1.tlog
d:\class stuff\game engine\engineproject11\release\engineproject.tlog\link.write.1.tlog
